<?xml version="1.0" encoding="UTF-8"?>
<testsuite name="LibraryTest" tests="1" skipped="0" failures="0" errors="0" timestamp="2017-06-12T05:23:38" hostname="qa-prod2.erecyclingcorps.com" time="0.015">
  <properties/>
  <testcase name="testSomeLibraryMethod" classname="LibraryTest" time="0.015"/>
  <system-out><![CDATA[]]></system-out>
  <system-err><![CDATA[]]></system-err>
</testsuite>
